<?xml version="1.0" encoding="UTF-8"?>
<coverage generated="1716044847556" clover="3.2.0">
  <project timestamp="1716044847556" name="All files">
    <metrics statements="122" coveredstatements="119" conditionals="66" coveredconditionals="62" methods="30" coveredmethods="28" elements="218" coveredelements="209" complexity="0" loc="122" ncloc="122" packages="8" files="13" classes="13"/>
    <package name="JogoCartas">
      <metrics statements="2" coveredstatements="0" conditionals="0" coveredconditionals="0" methods="1" coveredmethods="0"/>
      <file name=".eslintrc.js" path="/home/chiod/Documentos/projetos/JogoCartas/.eslintrc.js">
        <metrics statements="1" coveredstatements="0" conditionals="0" coveredconditionals="0" methods="0" coveredmethods="0"/>
        <line num="1" count="0" type="stmt"/>
      </file>
      <file name="App.js" path="/home/chiod/Documentos/projetos/JogoCartas/App.js">
        <metrics statements="1" coveredstatements="0" conditionals="0" coveredconditionals="0" methods="1" coveredmethods="0"/>
        <line num="6" count="0" type="stmt"/>
      </file>
    </package>
    <package name="JogoCartas.src">
      <metrics statements="2" coveredstatements="2" conditionals="0" coveredconditionals="0" methods="1" coveredmethods="1"/>
      <file name="routes.js" path="/home/chiod/Documentos/projetos/JogoCartas/src/routes.js">
        <metrics statements="2" coveredstatements="2" conditionals="0" coveredconditionals="0" methods="1" coveredmethods="1"/>
        <line num="6" count="1" type="stmt"/>
        <line num="9" count="1" type="stmt"/>
      </file>
    </package>
    <package name="JogoCartas.src.api">
      <metrics statements="14" coveredstatements="14" conditionals="4" coveredconditionals="4" methods="2" coveredmethods="2"/>
      <file name="getCards.js" path="/home/chiod/Documentos/projetos/JogoCartas/src/api/getCards.js">
        <metrics statements="7" coveredstatements="7" conditionals="2" coveredconditionals="2" methods="1" coveredmethods="1"/>
        <line num="4" count="2" type="stmt"/>
        <line num="6" count="2" type="stmt"/>
        <line num="12" count="2" type="stmt"/>
        <line num="13" count="2" type="cond" truecount="2" falsecount="0"/>
        <line num="14" count="1" type="stmt"/>
        <line num="16" count="1" type="stmt"/>
        <line num="17" count="1" type="stmt"/>
      </file>
      <file name="getDeck.js" path="/home/chiod/Documentos/projetos/JogoCartas/src/api/getDeck.js">
        <metrics statements="7" coveredstatements="7" conditionals="2" coveredconditionals="2" methods="1" coveredmethods="1"/>
        <line num="4" count="2" type="stmt"/>
        <line num="6" count="2" type="stmt"/>
        <line num="12" count="2" type="stmt"/>
        <line num="13" count="2" type="cond" truecount="2" falsecount="0"/>
        <line num="14" count="1" type="stmt"/>
        <line num="16" count="1" type="stmt"/>
        <line num="17" count="1" type="stmt"/>
      </file>
    </package>
    <package name="JogoCartas.src.api.hooks">
      <metrics statements="26" coveredstatements="26" conditionals="2" coveredconditionals="1" methods="6" coveredmethods="6"/>
      <file name="useGetCards.js" path="/home/chiod/Documentos/projetos/JogoCartas/src/api/hooks/useGetCards.js">
        <metrics statements="14" coveredstatements="14" conditionals="2" coveredconditionals="1" methods="3" coveredmethods="3"/>
        <line num="5" count="12" type="stmt"/>
        <line num="6" count="12" type="stmt"/>
        <line num="7" count="12" type="stmt"/>
        <line num="9" count="12" type="stmt"/>
        <line num="10" count="3" type="stmt"/>
        <line num="11" count="3" type="cond" truecount="1" falsecount="1"/>
        <line num="12" count="3" type="stmt"/>
        <line num="13" count="3" type="stmt"/>
        <line num="14" count="3" type="stmt"/>
        <line num="15" count="2" type="stmt"/>
        <line num="17" count="1" type="stmt"/>
        <line num="19" count="3" type="stmt"/>
        <line num="23" count="3" type="stmt"/>
        <line num="26" count="12" type="stmt"/>
      </file>
      <file name="useGetDeck.js" path="/home/chiod/Documentos/projetos/JogoCartas/src/api/hooks/useGetDeck.js">
        <metrics statements="12" coveredstatements="12" conditionals="0" coveredconditionals="0" methods="3" coveredmethods="3"/>
        <line num="5" count="9" type="stmt"/>
        <line num="6" count="9" type="stmt"/>
        <line num="7" count="9" type="stmt"/>
        <line num="9" count="9" type="stmt"/>
        <line num="10" count="3" type="stmt"/>
        <line num="11" count="3" type="stmt"/>
        <line num="12" count="3" type="stmt"/>
        <line num="13" count="2" type="stmt"/>
        <line num="15" count="1" type="stmt"/>
        <line num="17" count="3" type="stmt"/>
        <line num="21" count="3" type="stmt"/>
        <line num="24" count="9" type="stmt"/>
      </file>
    </package>
    <package name="JogoCartas.src.components">
      <metrics statements="18" coveredstatements="17" conditionals="12" coveredconditionals="12" methods="8" coveredmethods="7"/>
      <file name="Dealer.js" path="/home/chiod/Documentos/projetos/JogoCartas/src/components/Dealer.js">
        <metrics statements="5" coveredstatements="5" conditionals="8" coveredconditionals="8" methods="2" coveredmethods="2"/>
        <line num="8" count="35" type="stmt"/>
        <line num="9" count="35" type="stmt"/>
        <line num="14" count="82" type="cond" truecount="2" falsecount="0"/>
        <line num="48" count="3" type="stmt"/>
        <line num="55" count="3" type="stmt"/>
      </file>
      <file name="Player.js" path="/home/chiod/Documentos/projetos/JogoCartas/src/components/Player.js">
        <metrics statements="5" coveredstatements="5" conditionals="4" coveredconditionals="4" methods="2" coveredmethods="2"/>
        <line num="8" count="34" type="stmt"/>
        <line num="10" count="34" type="stmt"/>
        <line num="19" count="85" type="stmt"/>
        <line num="32" count="3" type="stmt"/>
        <line num="38" count="3" type="stmt"/>
      </file>
      <file name="WinnerModal.js" path="/home/chiod/Documentos/projetos/JogoCartas/src/components/WinnerModal.js">
        <metrics statements="8" coveredstatements="7" conditionals="0" coveredconditionals="0" methods="4" coveredmethods="3"/>
        <line num="14" count="9" type="stmt"/>
        <line num="20" count="0" type="stmt"/>
        <line num="32" count="1" type="stmt"/>
        <line num="33" count="1" type="stmt"/>
        <line num="41" count="1" type="stmt"/>
        <line num="42" count="1" type="stmt"/>
        <line num="54" count="3" type="stmt"/>
        <line num="66" count="3" type="stmt"/>
      </file>
    </package>
    <package name="JogoCartas.src.screens.Game">
      <metrics statements="48" coveredstatements="48" conditionals="38" coveredconditionals="35" methods="7" coveredmethods="7"/>
      <file name="GameScreen.js" path="/home/chiod/Documentos/projetos/JogoCartas/src/screens/Game/GameScreen.js">
        <metrics statements="48" coveredstatements="48" conditionals="38" coveredconditionals="35" methods="7" coveredmethods="7"/>
        <line num="21" count="43" type="stmt"/>
        <line num="22" count="43" type="stmt"/>
        <line num="23" count="43" type="stmt"/>
        <line num="24" count="43" type="stmt"/>
        <line num="25" count="43" type="stmt"/>
        <line num="26" count="43" type="stmt"/>
        <line num="31" count="43" type="stmt"/>
        <line num="37" count="43" type="stmt"/>
        <line num="39" count="43" type="stmt"/>
        <line num="40" count="10" type="cond" truecount="2" falsecount="0"/>
        <line num="41" count="8" type="stmt"/>
        <line num="43" count="10" type="cond" truecount="2" falsecount="0"/>
        <line num="44" count="8" type="stmt"/>
        <line num="45" count="8" type="stmt"/>
        <line num="49" count="43" type="stmt"/>
        <line num="50" count="28" type="cond" truecount="2" falsecount="0"/>
        <line num="51" count="18" type="cond" truecount="2" falsecount="0"/>
        <line num="52" count="2" type="stmt"/>
        <line num="53" count="28" type="cond" truecount="2" falsecount="0"/>
        <line num="54" count="18" type="cond" truecount="2" falsecount="0"/>
        <line num="55" count="1" type="stmt"/>
        <line num="58" count="43" type="stmt"/>
        <line num="59" count="6" type="stmt"/>
        <line num="60" count="6" type="stmt"/>
        <line num="61" count="6" type="cond" truecount="1" falsecount="1"/>
        <line num="62" count="6" type="stmt"/>
        <line num="63" count="6" type="stmt"/>
        <line num="64" count="6" type="stmt"/>
        <line num="65" count="5" type="cond" truecount="1" falsecount="1"/>
        <line num="66" count="5" type="stmt"/>
        <line num="69" count="1" type="stmt"/>
        <line num="75" count="6" type="stmt"/>
        <line num="79" count="43" type="stmt"/>
        <line num="80" count="6" type="stmt"/>
        <line num="81" count="6" type="cond" truecount="2" falsecount="0"/>
        <line num="82" count="3" type="stmt"/>
        <line num="83" count="3" type="stmt"/>
        <line num="84" count="3" type="cond" truecount="2" falsecount="0"/>
        <line num="85" count="1" type="stmt"/>
        <line num="86" count="2" type="cond" truecount="2" falsecount="0"/>
        <line num="87" count="1" type="stmt"/>
        <line num="88" count="1" type="cond" truecount="1" falsecount="1"/>
        <line num="89" count="1" type="stmt"/>
        <line num="92" count="43" type="stmt"/>
        <line num="110" count="1" type="stmt"/>
        <line num="130" count="3" type="stmt"/>
        <line num="152" count="2" type="stmt"/>
        <line num="161" count="2" type="stmt"/>
      </file>
    </package>
    <package name="JogoCartas.src.screens.Home">
      <metrics statements="3" coveredstatements="3" conditionals="0" coveredconditionals="0" methods="2" coveredmethods="2"/>
      <file name="HomeScreen.js" path="/home/chiod/Documentos/projetos/JogoCartas/src/screens/Home/HomeScreen.js">
        <metrics statements="3" coveredstatements="3" conditionals="0" coveredconditionals="0" methods="2" coveredmethods="2"/>
        <line num="5" count="3" type="stmt"/>
        <line num="13" count="1" type="stmt"/>
        <line num="24" count="2" type="stmt"/>
      </file>
    </package>
    <package name="JogoCartas.src.utils">
      <metrics statements="9" coveredstatements="9" conditionals="10" coveredconditionals="10" methods="3" coveredmethods="3"/>
      <file name="sumPoints.js" path="/home/chiod/Documentos/projetos/JogoCartas/src/utils/sumPoints.js">
        <metrics statements="9" coveredstatements="9" conditionals="10" coveredconditionals="10" methods="3" coveredmethods="3"/>
        <line num="2" count="124" type="cond" truecount="2" falsecount="0"/>
        <line num="3" count="123" type="stmt"/>
        <line num="4" count="123" type="stmt"/>
        <line num="5" count="293" type="cond" truecount="2" falsecount="0"/>
        <line num="6" count="293" type="cond" truecount="2" falsecount="0"/>
        <line num="7" count="293" type="cond" truecount="2" falsecount="0"/>
        <line num="8" count="293" type="cond" truecount="2" falsecount="0"/>
        <line num="10" count="123" type="stmt"/>
        <line num="11" count="293" type="stmt"/>
      </file>
    </package>
  </project>
</coverage>
