{"/home/chiod/Documentos/projetos/JogoCartas/.eslintrc.js": {"path":"/home/chiod/Documentos/projetos/JogoCartas/.eslintrc.js","statementMap":{"0":{"start":{"line":1,"column":0},"end":{"line":9,"column":1}}},"fnMap":{},"branchMap":{},"s":{"0":0},"f":{},"b":{}}
,"/home/chiod/Documentos/projetos/JogoCartas/App.js": {"path":"/home/chiod/Documentos/projetos/JogoCartas/App.js","statementMap":{"0":{"start":{"line":6,"column":2},"end":{"line":11,"column":3}}},"fnMap":{"0":{"name":"App","decl":{"start":{"line":5,"column":24},"end":{"line":5,"column":27}},"loc":{"start":{"line":5,"column":30},"end":{"line":12,"column":1}},"line":5}},"branchMap":{},"s":{"0":0},"f":{"0":0},"b":{}}
,"/home/chiod/Documentos/projetos/JogoCartas/src/routes.js": {"path":"/home/chiod/Documentos/projetos/JogoCartas/src/routes.js","statementMap":{"0":{"start":{"line":6,"column":14},"end":{"line":6,"column":42}},"1":{"start":{"line":9,"column":2},"end":{"line":20,"column":3}}},"fnMap":{"0":{"name":"Routes","decl":{"start":{"line":8,"column":9},"end":{"line":8,"column":15}},"loc":{"start":{"line":8,"column":18},"end":{"line":21,"column":1}},"line":8}},"branchMap":{},"s":{"0":1,"1":1},"f":{"0":1},"b":{},"_coverageSchema":"1a1c01bbd47fc00a2c39e90264f33305004495a9","hash":"f7163cccf65604bf93f78eecbd4b8b9ca90fc80c"}
,"/home/chiod/Documentos/projetos/JogoCartas/src/api/getCards.js": {"path":"/home/chiod/Documentos/projetos/JogoCartas/src/api/getCards.js","statementMap":{"0":{"start":{"line":4,"column":14},"end":{"line":4,"column":69}},"1":{"start":{"line":6,"column":15},"end":{"line":11,"column":3}},"2":{"start":{"line":12,"column":19},"end":{"line":12,"column":41}},"3":{"start":{"line":13,"column":2},"end":{"line":15,"column":3}},"4":{"start":{"line":14,"column":4},"end":{"line":14,"column":51}},"5":{"start":{"line":16,"column":23},"end":{"line":16,"column":44}},"6":{"start":{"line":17,"column":2},"end":{"line":17,"column":21}}},"fnMap":{"0":{"name":"getCards","decl":{"start":{"line":3,"column":30},"end":{"line":3,"column":38}},"loc":{"start":{"line":3,"column":54},"end":{"line":18,"column":1}},"line":3}},"branchMap":{"0":{"loc":{"start":{"line":13,"column":2},"end":{"line":15,"column":3}},"type":"if","locations":[{"start":{"line":13,"column":2},"end":{"line":15,"column":3}},{"start":{},"end":{}}],"line":13}},"s":{"0":2,"1":2,"2":2,"3":2,"4":1,"5":1,"6":1},"f":{"0":2},"b":{"0":[1,1]},"_coverageSchema":"1a1c01bbd47fc00a2c39e90264f33305004495a9","hash":"f606c989b74e3f98e964a42d74cad4f042f01f1a"}
,"/home/chiod/Documentos/projetos/JogoCartas/src/api/getDeck.js": {"path":"/home/chiod/Documentos/projetos/JogoCartas/src/api/getDeck.js","statementMap":{"0":{"start":{"line":4,"column":14},"end":{"line":4,"column":64}},"1":{"start":{"line":6,"column":15},"end":{"line":11,"column":3}},"2":{"start":{"line":12,"column":19},"end":{"line":12,"column":41}},"3":{"start":{"line":13,"column":2},"end":{"line":15,"column":3}},"4":{"start":{"line":14,"column":4},"end":{"line":14,"column":49}},"5":{"start":{"line":16,"column":23},"end":{"line":16,"column":44}},"6":{"start":{"line":17,"column":2},"end":{"line":17,"column":21}}},"fnMap":{"0":{"name":"getDeck","decl":{"start":{"line":3,"column":30},"end":{"line":3,"column":37}},"loc":{"start":{"line":3,"column":40},"end":{"line":18,"column":1}},"line":3}},"branchMap":{"0":{"loc":{"start":{"line":13,"column":2},"end":{"line":15,"column":3}},"type":"if","locations":[{"start":{"line":13,"column":2},"end":{"line":15,"column":3}},{"start":{},"end":{}}],"line":13}},"s":{"0":2,"1":2,"2":2,"3":2,"4":1,"5":1,"6":1},"f":{"0":2},"b":{"0":[1,1]},"_coverageSchema":"1a1c01bbd47fc00a2c39e90264f33305004495a9","hash":"eae15eb6567d572495e1c4fd8ce43bb172591983"}
,"/home/chiod/Documentos/projetos/JogoCartas/src/api/hooks/useGetCards.js": {"path":"/home/chiod/Documentos/projetos/JogoCartas/src/api/hooks/useGetCards.js","statementMap":{"0":{"start":{"line":5,"column":26},"end":{"line":5,"column":40}},"1":{"start":{"line":6,"column":32},"end":{"line":6,"column":47}},"2":{"start":{"line":7,"column":28},"end":{"line":7,"column":42}},"3":{"start":{"line":9,"column":2},"end":{"line":24,"column":21}},"4":{"start":{"line":10,"column":22},"end":{"line":21,"column":5}},"5":{"start":{"line":11,"column":6},"end":{"line":11,"column":25}},"6":{"start":{"line":11,"column":19},"end":{"line":11,"column":25}},"7":{"start":{"line":12,"column":6},"end":{"line":12,"column":22}},"8":{"start":{"line":13,"column":6},"end":{"line":20,"column":7}},"9":{"start":{"line":14,"column":29},"end":{"line":14,"column":58}},"10":{"start":{"line":15,"column":8},"end":{"line":15,"column":29}},"11":{"start":{"line":17,"column":8},"end":{"line":17,"column":48}},"12":{"start":{"line":19,"column":8},"end":{"line":19,"column":25}},"13":{"start":{"line":23,"column":4},"end":{"line":23,"column":15}},"14":{"start":{"line":26,"column":2},"end":{"line":26,"column":33}}},"fnMap":{"0":{"name":"useGetCards","decl":{"start":{"line":4,"column":16},"end":{"line":4,"column":27}},"loc":{"start":{"line":4,"column":43},"end":{"line":27,"column":1}},"line":4},"1":{"name":"(anonymous_1)","decl":{"start":{"line":9,"column":12},"end":{"line":9,"column":13}},"loc":{"start":{"line":9,"column":18},"end":{"line":24,"column":3}},"line":9},"2":{"name":"(anonymous_2)","decl":{"start":{"line":10,"column":22},"end":{"line":10,"column":23}},"loc":{"start":{"line":10,"column":34},"end":{"line":21,"column":5}},"line":10}},"branchMap":{"0":{"loc":{"start":{"line":11,"column":6},"end":{"line":11,"column":25}},"type":"if","locations":[{"start":{"line":11,"column":6},"end":{"line":11,"column":25}},{"start":{},"end":{}}],"line":11}},"s":{"0":12,"1":12,"2":12,"3":12,"4":3,"5":3,"6":0,"7":3,"8":3,"9":3,"10":2,"11":1,"12":3,"13":3,"14":12},"f":{"0":12,"1":3,"2":3},"b":{"0":[0,3]},"_coverageSchema":"1a1c01bbd47fc00a2c39e90264f33305004495a9","hash":"3514847495e8bd28ee9f9b16810166dcaf73a574"}
,"/home/chiod/Documentos/projetos/JogoCartas/src/api/hooks/useGetDeck.js": {"path":"/home/chiod/Documentos/projetos/JogoCartas/src/api/hooks/useGetDeck.js","statementMap":{"0":{"start":{"line":5,"column":26},"end":{"line":5,"column":40}},"1":{"start":{"line":6,"column":32},"end":{"line":6,"column":46}},"2":{"start":{"line":7,"column":28},"end":{"line":7,"column":42}},"3":{"start":{"line":9,"column":2},"end":{"line":22,"column":8}},"4":{"start":{"line":10,"column":22},"end":{"line":19,"column":5}},"5":{"start":{"line":11,"column":6},"end":{"line":18,"column":7}},"6":{"start":{"line":12,"column":29},"end":{"line":12,"column":44}},"7":{"start":{"line":13,"column":8},"end":{"line":13,"column":29}},"8":{"start":{"line":15,"column":8},"end":{"line":15,"column":46}},"9":{"start":{"line":17,"column":8},"end":{"line":17,"column":25}},"10":{"start":{"line":21,"column":4},"end":{"line":21,"column":15}},"11":{"start":{"line":24,"column":2},"end":{"line":24,"column":33}}},"fnMap":{"0":{"name":"useGetDeck","decl":{"start":{"line":4,"column":16},"end":{"line":4,"column":26}},"loc":{"start":{"line":4,"column":29},"end":{"line":25,"column":1}},"line":4},"1":{"name":"(anonymous_1)","decl":{"start":{"line":9,"column":12},"end":{"line":9,"column":13}},"loc":{"start":{"line":9,"column":18},"end":{"line":22,"column":3}},"line":9},"2":{"name":"(anonymous_2)","decl":{"start":{"line":10,"column":22},"end":{"line":10,"column":23}},"loc":{"start":{"line":10,"column":34},"end":{"line":19,"column":5}},"line":10}},"branchMap":{},"s":{"0":9,"1":9,"2":9,"3":9,"4":3,"5":3,"6":3,"7":2,"8":1,"9":3,"10":3,"11":9},"f":{"0":9,"1":3,"2":3},"b":{},"_coverageSchema":"1a1c01bbd47fc00a2c39e90264f33305004495a9","hash":"ad9bc543c442ed47fd45c048d3bbcad46a7d4865"}
,"/home/chiod/Documentos/projetos/JogoCartas/src/components/Dealer.js": {"path":"/home/chiod/Documentos/projetos/JogoCartas/src/components/Dealer.js","statementMap":{"0":{"start":{"line":8,"column":17},"end":{"line":8,"column":34}},"1":{"start":{"line":9,"column":2},"end":{"line":45,"column":3}},"2":{"start":{"line":14,"column":12},"end":{"line":32,"column":13}},"3":{"start":{"line":48,"column":0},"end":{"line":51,"column":1}},"4":{"start":{"line":55,"column":15},"end":{"line":82,"column":2}}},"fnMap":{"0":{"name":"Dealer","decl":{"start":{"line":7,"column":9},"end":{"line":7,"column":15}},"loc":{"start":{"line":7,"column":35},"end":{"line":46,"column":1}},"line":7},"1":{"name":"(anonymous_1)","decl":{"start":{"line":13,"column":21},"end":{"line":13,"column":22}},"loc":{"start":{"line":14,"column":12},"end":{"line":32,"column":13}},"line":14}},"branchMap":{"0":{"loc":{"start":{"line":12,"column":9},"end":{"line":33,"column":11}},"type":"binary-expr","locations":[{"start":{"line":12,"column":9},"end":{"line":12,"column":15}},{"start":{"line":13,"column":10},"end":{"line":33,"column":11}}],"line":12},"1":{"loc":{"start":{"line":14,"column":12},"end":{"line":32,"column":13}},"type":"cond-expr","locations":[{"start":{"line":15,"column":14},"end":{"line":23,"column":16}},{"start":{"line":25,"column":14},"end":{"line":31,"column":16}}],"line":14},"2":{"loc":{"start":{"line":19,"column":23},"end":{"line":21,"column":70}},"type":"cond-expr","locations":[{"start":{"line":20,"column":22},"end":{"line":20,"column":32}},{"start":{"line":21,"column":22},"end":{"line":21,"column":70}}],"line":19},"3":{"loc":{"start":{"line":36,"column":9},"end":{"line":36,"column":73}},"type":"binary-expr","locations":[{"start":{"line":36,"column":9},"end":{"line":36,"column":14}},{"start":{"line":36,"column":18},"end":{"line":36,"column":73}}],"line":36}},"s":{"0":35,"1":35,"2":82,"3":3,"4":3},"f":{"0":35,"1":82},"b":{"0":[35,35],"1":[35,47],"2":[7,28],"3":[35,7]},"_coverageSchema":"1a1c01bbd47fc00a2c39e90264f33305004495a9","hash":"eeab4bc636e0c7e64b10fb7f6060052343ac202d"}
,"/home/chiod/Documentos/projetos/JogoCartas/src/components/Player.js": {"path":"/home/chiod/Documentos/projetos/JogoCartas/src/components/Player.js","statementMap":{"0":{"start":{"line":8,"column":17},"end":{"line":8,"column":34}},"1":{"start":{"line":10,"column":2},"end":{"line":29,"column":3}},"2":{"start":{"line":19,"column":12},"end":{"line":25,"column":14}},"3":{"start":{"line":32,"column":0},"end":{"line":34,"column":1}},"4":{"start":{"line":38,"column":15},"end":{"line":63,"column":2}}},"fnMap":{"0":{"name":"Player","decl":{"start":{"line":7,"column":9},"end":{"line":7,"column":15}},"loc":{"start":{"line":7,"column":28},"end":{"line":30,"column":1}},"line":7},"1":{"name":"(anonymous_1)","decl":{"start":{"line":18,"column":21},"end":{"line":18,"column":22}},"loc":{"start":{"line":19,"column":12},"end":{"line":25,"column":14}},"line":19}},"branchMap":{"0":{"loc":{"start":{"line":17,"column":9},"end":{"line":26,"column":12}},"type":"binary-expr","locations":[{"start":{"line":17,"column":9},"end":{"line":17,"column":15}},{"start":{"line":18,"column":10},"end":{"line":26,"column":12}}],"line":17},"1":{"loc":{"start":{"line":21,"column":54},"end":{"line":21,"column":75}},"type":"cond-expr","locations":[{"start":{"line":21,"column":68},"end":{"line":21,"column":71}},{"start":{"line":21,"column":74},"end":{"line":21,"column":75}}],"line":21}},"s":{"0":34,"1":34,"2":85,"3":3,"4":3},"f":{"0":34,"1":85},"b":{"0":[34,34],"1":[51,34]},"_coverageSchema":"1a1c01bbd47fc00a2c39e90264f33305004495a9","hash":"fb8379742ab23455bfbcee45c72517e5e8769634"}
,"/home/chiod/Documentos/projetos/JogoCartas/src/components/WinnerModal.js": {"path":"/home/chiod/Documentos/projetos/JogoCartas/src/components/WinnerModal.js","statementMap":{"0":{"start":{"line":14,"column":2},"end":{"line":51,"column":3}},"1":{"start":{"line":20,"column":8},"end":{"line":20,"column":63}},"2":{"start":{"line":32,"column":16},"end":{"line":32,"column":71}},"3":{"start":{"line":33,"column":16},"end":{"line":33,"column":43}},"4":{"start":{"line":41,"column":16},"end":{"line":41,"column":71}},"5":{"start":{"line":42,"column":16},"end":{"line":42,"column":65}},"6":{"start":{"line":54,"column":0},"end":{"line":64,"column":1}},"7":{"start":{"line":66,"column":15},"end":{"line":122,"column":2}}},"fnMap":{"0":{"name":"WinnerModal","decl":{"start":{"line":13,"column":9},"end":{"line":13,"column":20}},"loc":{"start":{"line":13,"column":54},"end":{"line":52,"column":1}},"line":13},"1":{"name":"(anonymous_1)","decl":{"start":{"line":19,"column":22},"end":{"line":19,"column":23}},"loc":{"start":{"line":19,"column":28},"end":{"line":21,"column":7}},"line":19},"2":{"name":"(anonymous_2)","decl":{"start":{"line":31,"column":23},"end":{"line":31,"column":24}},"loc":{"start":{"line":31,"column":29},"end":{"line":34,"column":15}},"line":31},"3":{"name":"(anonymous_3)","decl":{"start":{"line":40,"column":23},"end":{"line":40,"column":24}},"loc":{"start":{"line":40,"column":29},"end":{"line":43,"column":15}},"line":40}},"branchMap":{},"s":{"0":9,"1":0,"2":1,"3":1,"4":1,"5":1,"6":3,"7":3},"f":{"0":9,"1":0,"2":1,"3":1},"b":{},"_coverageSchema":"1a1c01bbd47fc00a2c39e90264f33305004495a9","hash":"ddc05bd74126de29ac6f1e6d9bfa53f6f93a29f6"}
,"/home/chiod/Documentos/projetos/JogoCartas/src/screens/Game/GameScreen.js": {"path":"/home/chiod/Documentos/projetos/JogoCartas/src/screens/Game/GameScreen.js","statementMap":{"0":{"start":{"line":21,"column":26},"end":{"line":21,"column":40}},"1":{"start":{"line":22,"column":30},"end":{"line":22,"column":44}},"2":{"start":{"line":23,"column":30},"end":{"line":23,"column":44}},"3":{"start":{"line":24,"column":38},"end":{"line":24,"column":53}},"4":{"start":{"line":25,"column":28},"end":{"line":25,"column":43}},"5":{"start":{"line":26,"column":28},"end":{"line":29,"column":4}},"6":{"start":{"line":31,"column":35},"end":{"line":31,"column":47}},"7":{"start":{"line":37,"column":6},"end":{"line":37,"column":35}},"8":{"start":{"line":39,"column":2},"end":{"line":47,"column":19}},"9":{"start":{"line":40,"column":4},"end":{"line":42,"column":5}},"10":{"start":{"line":41,"column":6},"end":{"line":41,"column":19}},"11":{"start":{"line":43,"column":4},"end":{"line":46,"column":5}},"12":{"start":{"line":44,"column":6},"end":{"line":44,"column":49}},"13":{"start":{"line":45,"column":6},"end":{"line":45,"column":49}},"14":{"start":{"line":49,"column":2},"end":{"line":56,"column":22}},"15":{"start":{"line":50,"column":4},"end":{"line":52,"column":71}},"16":{"start":{"line":51,"column":6},"end":{"line":52,"column":71}},"17":{"start":{"line":52,"column":8},"end":{"line":52,"column":71}},"18":{"start":{"line":53,"column":4},"end":{"line":55,"column":71}},"19":{"start":{"line":54,"column":6},"end":{"line":55,"column":71}},"20":{"start":{"line":55,"column":8},"end":{"line":55,"column":71}},"21":{"start":{"line":58,"column":20},"end":{"line":77,"column":3}},"22":{"start":{"line":59,"column":4},"end":{"line":59,"column":23}},"23":{"start":{"line":60,"column":23},"end":{"line":60,"column":40}},"24":{"start":{"line":61,"column":17},"end":{"line":61,"column":43}},"25":{"start":{"line":62,"column":4},"end":{"line":76,"column":5}},"26":{"start":{"line":63,"column":22},"end":{"line":63,"column":58}},"27":{"start":{"line":64,"column":6},"end":{"line":64,"column":46}},"28":{"start":{"line":65,"column":6},"end":{"line":67,"column":7}},"29":{"start":{"line":66,"column":8},"end":{"line":66,"column":48}},"30":{"start":{"line":69,"column":6},"end":{"line":73,"column":8}},"31":{"start":{"line":75,"column":6},"end":{"line":75,"column":26}},"32":{"start":{"line":79,"column":22},"end":{"line":90,"column":3}},"33":{"start":{"line":80,"column":4},"end":{"line":80,"column":18}},"34":{"start":{"line":81,"column":4},"end":{"line":81,"column":66}},"35":{"start":{"line":81,"column":20},"end":{"line":81,"column":66}},"36":{"start":{"line":82,"column":23},"end":{"line":82,"column":40}},"37":{"start":{"line":83,"column":23},"end":{"line":83,"column":40}},"38":{"start":{"line":84,"column":4},"end":{"line":89,"column":56}},"39":{"start":{"line":85,"column":6},"end":{"line":85,"column":63}},"40":{"start":{"line":86,"column":9},"end":{"line":89,"column":56}},"41":{"start":{"line":87,"column":6},"end":{"line":87,"column":63}},"42":{"start":{"line":88,"column":9},"end":{"line":89,"column":56}},"43":{"start":{"line":89,"column":6},"end":{"line":89,"column":56}},"44":{"start":{"line":92,"column":2},"end":{"line":149,"column":3}},"45":{"start":{"line":110,"column":27},"end":{"line":110,"column":76}},"46":{"start":{"line":130,"column":29},"end":{"line":130,"column":44}},"47":{"start":{"line":152,"column":0},"end":{"line":157,"column":1}},"48":{"start":{"line":161,"column":15},"end":{"line":207,"column":2}}},"fnMap":{"0":{"name":"GameScreen","decl":{"start":{"line":20,"column":9},"end":{"line":20,"column":19}},"loc":{"start":{"line":20,"column":36},"end":{"line":150,"column":1}},"line":20},"1":{"name":"(anonymous_1)","decl":{"start":{"line":39,"column":12},"end":{"line":39,"column":13}},"loc":{"start":{"line":39,"column":18},"end":{"line":47,"column":3}},"line":39},"2":{"name":"(anonymous_2)","decl":{"start":{"line":49,"column":12},"end":{"line":49,"column":13}},"loc":{"start":{"line":49,"column":18},"end":{"line":56,"column":3}},"line":49},"3":{"name":"(anonymous_3)","decl":{"start":{"line":58,"column":20},"end":{"line":58,"column":21}},"loc":{"start":{"line":58,"column":32},"end":{"line":77,"column":3}},"line":58},"4":{"name":"(anonymous_4)","decl":{"start":{"line":79,"column":22},"end":{"line":79,"column":23}},"loc":{"start":{"line":79,"column":38},"end":{"line":90,"column":3}},"line":79},"5":{"name":"(anonymous_5)","decl":{"start":{"line":110,"column":21},"end":{"line":110,"column":22}},"loc":{"start":{"line":110,"column":27},"end":{"line":110,"column":76}},"line":110},"6":{"name":"(anonymous_6)","decl":{"start":{"line":130,"column":23},"end":{"line":130,"column":24}},"loc":{"start":{"line":130,"column":29},"end":{"line":130,"column":44}},"line":130}},"branchMap":{"0":{"loc":{"start":{"line":40,"column":4},"end":{"line":42,"column":5}},"type":"if","locations":[{"start":{"line":40,"column":4},"end":{"line":42,"column":5}},{"start":{},"end":{}}],"line":40},"1":{"loc":{"start":{"line":43,"column":4},"end":{"line":46,"column":5}},"type":"if","locations":[{"start":{"line":43,"column":4},"end":{"line":46,"column":5}},{"start":{},"end":{}}],"line":43},"2":{"loc":{"start":{"line":50,"column":4},"end":{"line":52,"column":71}},"type":"if","locations":[{"start":{"line":50,"column":4},"end":{"line":52,"column":71}},{"start":{},"end":{}}],"line":50},"3":{"loc":{"start":{"line":51,"column":6},"end":{"line":52,"column":71}},"type":"if","locations":[{"start":{"line":51,"column":6},"end":{"line":52,"column":71}},{"start":{},"end":{}}],"line":51},"4":{"loc":{"start":{"line":53,"column":4},"end":{"line":55,"column":71}},"type":"if","locations":[{"start":{"line":53,"column":4},"end":{"line":55,"column":71}},{"start":{},"end":{}}],"line":53},"5":{"loc":{"start":{"line":54,"column":6},"end":{"line":55,"column":71}},"type":"if","locations":[{"start":{"line":54,"column":6},"end":{"line":55,"column":71}},{"start":{},"end":{}}],"line":54},"6":{"loc":{"start":{"line":61,"column":17},"end":{"line":61,"column":43}},"type":"cond-expr","locations":[{"start":{"line":61,"column":38},"end":{"line":61,"column":39}},{"start":{"line":61,"column":42},"end":{"line":61,"column":43}}],"line":61},"7":{"loc":{"start":{"line":65,"column":6},"end":{"line":67,"column":7}},"type":"if","locations":[{"start":{"line":65,"column":6},"end":{"line":67,"column":7}},{"start":{},"end":{}}],"line":65},"8":{"loc":{"start":{"line":81,"column":4},"end":{"line":81,"column":66}},"type":"if","locations":[{"start":{"line":81,"column":4},"end":{"line":81,"column":66}},{"start":{},"end":{}}],"line":81},"9":{"loc":{"start":{"line":84,"column":4},"end":{"line":89,"column":56}},"type":"if","locations":[{"start":{"line":84,"column":4},"end":{"line":89,"column":56}},{"start":{"line":86,"column":9},"end":{"line":89,"column":56}}],"line":84},"10":{"loc":{"start":{"line":86,"column":9},"end":{"line":89,"column":56}},"type":"if","locations":[{"start":{"line":86,"column":9},"end":{"line":89,"column":56}},{"start":{"line":88,"column":9},"end":{"line":89,"column":56}}],"line":86},"11":{"loc":{"start":{"line":88,"column":9},"end":{"line":89,"column":56}},"type":"if","locations":[{"start":{"line":88,"column":9},"end":{"line":89,"column":56}},{"start":{},"end":{}}],"line":88},"12":{"loc":{"start":{"line":94,"column":7},"end":{"line":147,"column":7}},"type":"cond-expr","locations":[{"start":{"line":95,"column":8},"end":{"line":103,"column":15}},{"start":{"line":104,"column":10},"end":{"line":147,"column":7}}],"line":94},"13":{"loc":{"start":{"line":94,"column":7},"end":{"line":94,"column":29}},"type":"binary-expr","locations":[{"start":{"line":94,"column":7},"end":{"line":94,"column":14}},{"start":{"line":94,"column":18},"end":{"line":94,"column":29}}],"line":94},"14":{"loc":{"start":{"line":104,"column":10},"end":{"line":147,"column":7}},"type":"cond-expr","locations":[{"start":{"line":105,"column":8},"end":{"line":115,"column":15}},{"start":{"line":117,"column":8},"end":{"line":146,"column":15}}],"line":104},"15":{"loc":{"start":{"line":104,"column":10},"end":{"line":104,"column":29}},"type":"binary-expr","locations":[{"start":{"line":104,"column":10},"end":{"line":104,"column":15}},{"start":{"line":104,"column":19},"end":{"line":104,"column":29}}],"line":104},"16":{"loc":{"start":{"line":118,"column":11},"end":{"line":118,"column":61}},"type":"binary-expr","locations":[{"start":{"line":118,"column":11},"end":{"line":118,"column":17}},{"start":{"line":118,"column":21},"end":{"line":118,"column":61}}],"line":118},"17":{"loc":{"start":{"line":137,"column":11},"end":{"line":137,"column":47}},"type":"binary-expr","locations":[{"start":{"line":137,"column":11},"end":{"line":137,"column":17}},{"start":{"line":137,"column":21},"end":{"line":137,"column":47}}],"line":137},"18":{"loc":{"start":{"line":139,"column":11},"end":{"line":145,"column":11}},"type":"binary-expr","locations":[{"start":{"line":139,"column":11},"end":{"line":139,"column":24}},{"start":{"line":140,"column":12},"end":{"line":144,"column":14}}],"line":139}},"s":{"0":43,"1":43,"2":43,"3":43,"4":43,"5":43,"6":43,"7":43,"8":43,"9":10,"10":8,"11":10,"12":8,"13":8,"14":43,"15":28,"16":18,"17":2,"18":28,"19":18,"20":1,"21":43,"22":6,"23":6,"24":6,"25":6,"26":6,"27":6,"28":5,"29":5,"30":1,"31":6,"32":43,"33":6,"34":6,"35":3,"36":3,"37":3,"38":3,"39":1,"40":2,"41":1,"42":1,"43":1,"44":43,"45":1,"46":3,"47":2,"48":2},"f":{"0":43,"1":10,"2":28,"3":6,"4":6,"5":1,"6":3},"b":{"0":[8,2],"1":[8,2],"2":[18,10],"3":[2,16],"4":[18,10],"5":[1,17],"6":[0,6],"7":[5,0],"8":[3,3],"9":[1,2],"10":[1,1],"11":[1,0],"12":[1,42],"13":[43,42],"14":[1,41],"15":[42,41],"16":[41,33],"17":[41,33],"18":[41,6]},"_coverageSchema":"1a1c01bbd47fc00a2c39e90264f33305004495a9","hash":"c76da0c4a1143be69fc747b0b3369caf52f041f7"}
,"/home/chiod/Documentos/projetos/JogoCartas/src/screens/Home/HomeScreen.js": {"path":"/home/chiod/Documentos/projetos/JogoCartas/src/screens/Home/HomeScreen.js","statementMap":{"0":{"start":{"line":5,"column":2},"end":{"line":21,"column":3}},"1":{"start":{"line":13,"column":25},"end":{"line":13,"column":52}},"2":{"start":{"line":24,"column":15},"end":{"line":46,"column":2}}},"fnMap":{"0":{"name":"HomeScreen","decl":{"start":{"line":4,"column":24},"end":{"line":4,"column":34}},"loc":{"start":{"line":4,"column":51},"end":{"line":22,"column":1}},"line":4},"1":{"name":"(anonymous_1)","decl":{"start":{"line":13,"column":19},"end":{"line":13,"column":20}},"loc":{"start":{"line":13,"column":25},"end":{"line":13,"column":52}},"line":13}},"branchMap":{},"s":{"0":3,"1":1,"2":2},"f":{"0":3,"1":1},"b":{},"_coverageSchema":"1a1c01bbd47fc00a2c39e90264f33305004495a9","hash":"107ce79297c936f05a84490e33be76fabfcb04e1"}
,"/home/chiod/Documentos/projetos/JogoCartas/src/utils/sumPoints.js": {"path":"/home/chiod/Documentos/projetos/JogoCartas/src/utils/sumPoints.js","statementMap":{"0":{"start":{"line":2,"column":2},"end":{"line":2,"column":20}},"1":{"start":{"line":2,"column":14},"end":{"line":2,"column":20}},"2":{"start":{"line":3,"column":24},"end":{"line":3,"column":29}},"3":{"start":{"line":4,"column":2},"end":{"line":9,"column":4}},"4":{"start":{"line":5,"column":4},"end":{"line":5,"column":62}},"5":{"start":{"line":5,"column":30},"end":{"line":5,"column":62}},"6":{"start":{"line":6,"column":4},"end":{"line":6,"column":64}},"7":{"start":{"line":6,"column":31},"end":{"line":6,"column":64}},"8":{"start":{"line":7,"column":4},"end":{"line":7,"column":65}},"9":{"start":{"line":7,"column":32},"end":{"line":7,"column":65}},"10":{"start":{"line":8,"column":4},"end":{"line":8,"column":64}},"11":{"start":{"line":8,"column":31},"end":{"line":8,"column":64}},"12":{"start":{"line":10,"column":2},"end":{"line":13,"column":3}},"13":{"start":{"line":11,"column":21},"end":{"line":11,"column":49}}},"fnMap":{"0":{"name":"sumPoints","decl":{"start":{"line":1,"column":24},"end":{"line":1,"column":33}},"loc":{"start":{"line":1,"column":41},"end":{"line":14,"column":1}},"line":1},"1":{"name":"(anonymous_1)","decl":{"start":{"line":4,"column":12},"end":{"line":4,"column":13}},"loc":{"start":{"line":4,"column":29},"end":{"line":9,"column":3}},"line":4},"2":{"name":"(anonymous_2)","decl":{"start":{"line":11,"column":4},"end":{"line":11,"column":5}},"loc":{"start":{"line":11,"column":21},"end":{"line":11,"column":49}},"line":11}},"branchMap":{"0":{"loc":{"start":{"line":2,"column":2},"end":{"line":2,"column":20}},"type":"if","locations":[{"start":{"line":2,"column":2},"end":{"line":2,"column":20}},{"start":{},"end":{}}],"line":2},"1":{"loc":{"start":{"line":5,"column":4},"end":{"line":5,"column":62}},"type":"if","locations":[{"start":{"line":5,"column":4},"end":{"line":5,"column":62}},{"start":{},"end":{}}],"line":5},"2":{"loc":{"start":{"line":6,"column":4},"end":{"line":6,"column":64}},"type":"if","locations":[{"start":{"line":6,"column":4},"end":{"line":6,"column":64}},{"start":{},"end":{}}],"line":6},"3":{"loc":{"start":{"line":7,"column":4},"end":{"line":7,"column":65}},"type":"if","locations":[{"start":{"line":7,"column":4},"end":{"line":7,"column":65}},{"start":{},"end":{}}],"line":7},"4":{"loc":{"start":{"line":8,"column":4},"end":{"line":8,"column":64}},"type":"if","locations":[{"start":{"line":8,"column":4},"end":{"line":8,"column":64}},{"start":{},"end":{}}],"line":8}},"s":{"0":124,"1":1,"2":123,"3":123,"4":293,"5":2,"6":293,"7":2,"8":293,"9":1,"10":293,"11":2,"12":123,"13":293},"f":{"0":124,"1":293,"2":293},"b":{"0":[1,123],"1":[2,291],"2":[2,291],"3":[1,292],"4":[2,291]},"_coverageSchema":"1a1c01bbd47fc00a2c39e90264f33305004495a9","hash":"5e94b413ef538625381cace53e840da376308a7c"}
}
