TN:
SF:.eslintrc.js
FNF:0
FNH:0
DA:1,0
LF:1
LH:0
BRF:0
BRH:0
end_of_record
TN:
SF:App.js
FN:5,App
FNF:1
FNH:0
FNDA:0,App
DA:6,0
LF:1
LH:0
BRF:0
BRH:0
end_of_record
TN:
SF:src/routes.js
FN:8,Routes
FNF:1
FNH:1
FNDA:1,Routes
DA:6,1
DA:9,1
LF:2
LH:2
BRF:0
BRH:0
end_of_record
TN:
SF:src/api/getCards.js
FN:3,getCards
FNF:1
FNH:1
FNDA:2,getCards
DA:4,2
DA:6,2
DA:12,2
DA:13,2
DA:14,1
DA:16,1
DA:17,1
LF:7
LH:7
BRDA:13,0,0,1
BRDA:13,0,1,1
BRF:2
BRH:2
end_of_record
TN:
SF:src/api/getDeck.js
FN:3,getDeck
FNF:1
FNH:1
FNDA:2,getDeck
DA:4,2
DA:6,2
DA:12,2
DA:13,2
DA:14,1
DA:16,1
DA:17,1
LF:7
LH:7
BRDA:13,0,0,1
BRDA:13,0,1,1
BRF:2
BRH:2
end_of_record
TN:
SF:src/api/hooks/useGetCards.js
FN:4,useGetCards
FN:9,(anonymous_1)
FN:10,(anonymous_2)
FNF:3
FNH:3
FNDA:12,useGetCards
FNDA:3,(anonymous_1)
FNDA:3,(anonymous_2)
DA:5,12
DA:6,12
DA:7,12
DA:9,12
DA:10,3
DA:11,3
DA:12,3
DA:13,3
DA:14,3
DA:15,2
DA:17,1
DA:19,3
DA:23,3
DA:26,12
LF:14
LH:14
BRDA:11,0,0,0
BRDA:11,0,1,3
BRF:2
BRH:1
end_of_record
TN:
SF:src/api/hooks/useGetDeck.js
FN:4,useGetDeck
FN:9,(anonymous_1)
FN:10,(anonymous_2)
FNF:3
FNH:3
FNDA:9,useGetDeck
FNDA:3,(anonymous_1)
FNDA:3,(anonymous_2)
DA:5,9
DA:6,9
DA:7,9
DA:9,9
DA:10,3
DA:11,3
DA:12,3
DA:13,2
DA:15,1
DA:17,3
DA:21,3
DA:24,9
LF:12
LH:12
BRF:0
BRH:0
end_of_record
TN:
SF:src/components/Dealer.js
FN:7,Dealer
FN:13,(anonymous_1)
FNF:2
FNH:2
FNDA:35,Dealer
FNDA:82,(anonymous_1)
DA:8,35
DA:9,35
DA:14,82
DA:48,3
DA:55,3
LF:5
LH:5
BRDA:12,0,0,35
BRDA:12,0,1,35
BRDA:14,1,0,35
BRDA:14,1,1,47
BRDA:19,2,0,7
BRDA:19,2,1,28
BRDA:36,3,0,35
BRDA:36,3,1,7
BRF:8
BRH:8
end_of_record
TN:
SF:src/components/Player.js
FN:7,Player
FN:18,(anonymous_1)
FNF:2
FNH:2
FNDA:34,Player
FNDA:85,(anonymous_1)
DA:8,34
DA:10,34
DA:19,85
DA:32,3
DA:38,3
LF:5
LH:5
BRDA:17,0,0,34
BRDA:17,0,1,34
BRDA:21,1,0,51
BRDA:21,1,1,34
BRF:4
BRH:4
end_of_record
TN:
SF:src/components/WinnerModal.js
FN:13,WinnerModal
FN:19,(anonymous_1)
FN:31,(anonymous_2)
FN:40,(anonymous_3)
FNF:4
FNH:3
FNDA:9,WinnerModal
FNDA:0,(anonymous_1)
FNDA:1,(anonymous_2)
FNDA:1,(anonymous_3)
DA:14,9
DA:20,0
DA:32,1
DA:33,1
DA:41,1
DA:42,1
DA:54,3
DA:66,3
LF:8
LH:7
BRF:0
BRH:0
end_of_record
TN:
SF:src/screens/Game/GameScreen.js
FN:20,GameScreen
FN:39,(anonymous_1)
FN:49,(anonymous_2)
FN:58,(anonymous_3)
FN:79,(anonymous_4)
FN:110,(anonymous_5)
FN:130,(anonymous_6)
FNF:7
FNH:7
FNDA:43,GameScreen
FNDA:10,(anonymous_1)
FNDA:28,(anonymous_2)
FNDA:6,(anonymous_3)
FNDA:6,(anonymous_4)
FNDA:1,(anonymous_5)
FNDA:3,(anonymous_6)
DA:21,43
DA:22,43
DA:23,43
DA:24,43
DA:25,43
DA:26,43
DA:31,43
DA:37,43
DA:39,43
DA:40,10
DA:41,8
DA:43,10
DA:44,8
DA:45,8
DA:49,43
DA:50,28
DA:51,18
DA:52,2
DA:53,28
DA:54,18
DA:55,1
DA:58,43
DA:59,6
DA:60,6
DA:61,6
DA:62,6
DA:63,6
DA:64,6
DA:65,5
DA:66,5
DA:69,1
DA:75,6
DA:79,43
DA:80,6
DA:81,6
DA:82,3
DA:83,3
DA:84,3
DA:85,1
DA:86,2
DA:87,1
DA:88,1
DA:89,1
DA:92,43
DA:110,1
DA:130,3
DA:152,2
DA:161,2
LF:48
LH:48
BRDA:40,0,0,8
BRDA:40,0,1,2
BRDA:43,1,0,8
BRDA:43,1,1,2
BRDA:50,2,0,18
BRDA:50,2,1,10
BRDA:51,3,0,2
BRDA:51,3,1,16
BRDA:53,4,0,18
BRDA:53,4,1,10
BRDA:54,5,0,1
BRDA:54,5,1,17
BRDA:61,6,0,0
BRDA:61,6,1,6
BRDA:65,7,0,5
BRDA:65,7,1,0
BRDA:81,8,0,3
BRDA:81,8,1,3
BRDA:84,9,0,1
BRDA:84,9,1,2
BRDA:86,10,0,1
BRDA:86,10,1,1
BRDA:88,11,0,1
BRDA:88,11,1,0
BRDA:94,12,0,1
BRDA:94,12,1,42
BRDA:94,13,0,43
BRDA:94,13,1,42
BRDA:104,14,0,1
BRDA:104,14,1,41
BRDA:104,15,0,42
BRDA:104,15,1,41
BRDA:118,16,0,41
BRDA:118,16,1,33
BRDA:137,17,0,41
BRDA:137,17,1,33
BRDA:139,18,0,41
BRDA:139,18,1,6
BRF:38
BRH:35
end_of_record
TN:
SF:src/screens/Home/HomeScreen.js
FN:4,HomeScreen
FN:13,(anonymous_1)
FNF:2
FNH:2
FNDA:3,HomeScreen
FNDA:1,(anonymous_1)
DA:5,3
DA:13,1
DA:24,2
LF:3
LH:3
BRF:0
BRH:0
end_of_record
TN:
SF:src/utils/sumPoints.js
FN:1,sumPoints
FN:4,(anonymous_1)
FN:11,(anonymous_2)
FNF:3
FNH:3
FNDA:124,sumPoints
FNDA:293,(anonymous_1)
FNDA:293,(anonymous_2)
DA:2,124
DA:3,123
DA:4,123
DA:5,293
DA:6,293
DA:7,293
DA:8,293
DA:10,123
DA:11,293
LF:9
LH:9
BRDA:2,0,0,1
BRDA:2,0,1,123
BRDA:5,1,0,2
BRDA:5,1,1,291
BRDA:6,2,0,2
BRDA:6,2,1,291
BRDA:7,3,0,1
BRDA:7,3,1,292
BRDA:8,4,0,2
BRDA:8,4,1,291
BRF:10
BRH:10
end_of_record
